<?xml version="1.0" encoding="UTF-8"?>
<!-- Generated by org.testng.reporters.JUnitReportReporter -->
<testsuite ignored="0" hostname="DESKTOP-B6TN8D9" failures="0" tests="1" name="com.automation.testcases.LoginTestCRM" time="6.773" errors="0" timestamp="29 Apr 2020 06:19:58 GMT" skipped="0">
  <testcase classname="com.automation.testcases.LoginTestCRM" name="loginApp" time="6.773"/>
</testsuite> <!-- com.automation.testcases.LoginTestCRM -->
